Flow report for Calculadora
Fri May 25 00:15:55 2018
Quartus II 64-Bit Version 13.0.1 Build 232 06/12/2013 Service Pack 1 SJ Web Edition


---------------------
; Table of Contents ;
---------------------
  1. Legal Notice
  2. Flow Summary
  3. Flow Settings
  4. Flow Non-Default Global Settings
  5. Flow Elapsed Time
  6. Flow OS Summary
  7. Flow Log
  8. Flow Messages
  9. Flow Suppressed Messages



----------------
; Legal Notice ;
----------------
Copyright (C) 1991-2013 Altera Corporation
Your use of Altera Corporation's design tools, logic functions 
and other software and tools, and its AMPP partner logic 
functions, and any output files from any of the foregoing 
(including device programming or simulation files), and any 
associated documentation or information are expressly subject 
to the terms and conditions of the Altera Program License 
Subscription Agreement, Altera MegaCore Function License 
Agreement, or other applicable license agreement, including, 
without limitation, that your use is for the sole purpose of 
programming logic devices manufactured by Altera and sold by 
Altera or its authorized distributors.  Please refer to the 
applicable agreement for further details.



+--------------------------------------------------------------------------------------+
; Flow Summary                                                                         ;
+------------------------------------+-------------------------------------------------+
; Flow Status                        ; Successful - Fri May 25 00:15:55 2018           ;
; Quartus II 64-Bit Version          ; 13.0.1 Build 232 06/12/2013 SP 1 SJ Web Edition ;
; Revision Name                      ; Calculadora                                     ;
; Top-level Entity Name              ; Full_Adder_4_bits                               ;
; Family                             ; Cyclone II                                      ;
; Device                             ; EP2C35F672C6                                    ;
; Timing Models                      ; Final                                           ;
; Total logic elements               ; 8 / 33,216 ( < 1 % )                            ;
;     Total combinational functions  ; 8 / 33,216 ( < 1 % )                            ;
;     Dedicated logic registers      ; 0 / 33,216 ( 0 % )                              ;
; Total registers                    ; 0                                               ;
; Total pins                         ; 13 / 475 ( 3 % )                                ;
; Total virtual pins                 ; 0                                               ;
; Total memory bits                  ; 0 / 483,840 ( 0 % )                             ;
; Embedded Multiplier 9-bit elements ; 0 / 70 ( 0 % )                                  ;
; Total PLLs                         ; 0 / 4 ( 0 % )                                   ;
+------------------------------------+-------------------------------------------------+


+-----------------------------------------+
; Flow Settings                           ;
+-------------------+---------------------+
; Option            ; Setting             ;
+-------------------+---------------------+
; Start date & time ; 05/25/2018 00:14:15 ;
; Main task         ; Compilation         ;
; Revision Name     ; Calculadora         ;
+-------------------+---------------------+


+----------------------------------------------------------------------------------------------------------------------------------+
; Flow Non-Default Global Settings                                                                                                 ;
+-------------------------------------+---------------------------------------+---------------+-------------------+----------------+
; Assignment Name                     ; Value                                 ; Default Value ; Entity Name       ; Section Id     ;
+-------------------------------------+---------------------------------------+---------------+-------------------+----------------+
; COMPILER_SIGNATURE_ID               ; 268891677771687.152721805508312       ; --            ; --                ; --             ;
; EDA_OUTPUT_DATA_FORMAT              ; Verilog Hdl                           ; --            ; --                ; eda_simulation ;
; EDA_SIMULATION_TOOL                 ; ModelSim-Altera (Verilog)             ; <None>        ; --                ; --             ;
; EDA_TIME_SCALE                      ; 1 ps                                  ; --            ; --                ; eda_simulation ;
; MAX_CORE_JUNCTION_TEMP              ; 85                                    ; --            ; --                ; --             ;
; MIN_CORE_JUNCTION_TEMP              ; 0                                     ; --            ; --                ; --             ;
; PARTITION_COLOR                     ; 16764057                              ; --            ; Full_Adder_4_bits ; Top            ;
; PARTITION_FITTER_PRESERVATION_LEVEL ; PLACEMENT_AND_ROUTING                 ; --            ; Full_Adder_4_bits ; Top            ;
; PARTITION_NETLIST_TYPE              ; SOURCE                                ; --            ; Full_Adder_4_bits ; Top            ;
; POWER_BOARD_THERMAL_MODEL           ; None (CONSERVATIVE)                   ; --            ; --                ; --             ;
; POWER_PRESET_COOLING_SOLUTION       ; 23 MM HEAT SINK WITH 200 LFPM AIRFLOW ; --            ; --                ; --             ;
; PROJECT_OUTPUT_DIRECTORY            ; output_files                          ; --            ; --                ; --             ;
; TOP_LEVEL_ENTITY                    ; Full_Adder_4_bits                     ; Calculadora   ; --                ; --             ;
; VERILOG_INPUT_VERSION               ; SystemVerilog_2005                    ; Verilog_2001  ; --                ; --             ;
; VERILOG_SHOW_LMF_MAPPING_MESSAGES   ; Off                                   ; --            ; --                ; --             ;
+-------------------------------------+---------------------------------------+---------------+-------------------+----------------+


+-------------------------------------------------------------------------------------------------------------------------------+
; Flow Elapsed Time                                                                                                             ;
+---------------------------+--------------+-------------------------+---------------------+------------------------------------+
; Module Name               ; Elapsed Time ; Average Processors Used ; Peak Virtual Memory ; Total CPU Time (on all processors) ;
+---------------------------+--------------+-------------------------+---------------------+------------------------------------+
; Analysis & Synthesis      ; 00:00:00     ; 1.0                     ; 519 MB              ; 00:00:01                           ;
; Fitter                    ; 00:00:05     ; 1.0                     ; 829 MB              ; 00:00:05                           ;
; Assembler                 ; 00:00:03     ; 1.0                     ; 499 MB              ; 00:00:02                           ;
; TimeQuest Timing Analyzer ; 00:00:01     ; 1.0                     ; 469 MB              ; 00:00:01                           ;
; EDA Netlist Writer        ; 00:00:00     ; 1.0                     ; 438 MB              ; 00:00:00                           ;
; EDA Netlist Writer        ; 00:00:00     ; 1.0                     ; 439 MB              ; 00:00:01                           ;
; EDA Netlist Writer        ; 00:00:01     ; 1.0                     ; 455 MB              ; 00:00:01                           ;
; Total                     ; 00:00:10     ; --                      ; --                  ; 00:00:11                           ;
+---------------------------+--------------+-------------------------+---------------------+------------------------------------+


+----------------------------------------------------------------------------------------+
; Flow OS Summary                                                                        ;
+---------------------------+------------------+-----------+------------+----------------+
; Module Name               ; Machine Hostname ; OS Name   ; OS Version ; Processor type ;
+---------------------------+------------------+-----------+------------+----------------+
; Analysis & Synthesis      ; THIAGO-PC        ; Windows 7 ; 6.2        ; x86_64         ;
; Fitter                    ; THIAGO-PC        ; Windows 7 ; 6.2        ; x86_64         ;
; Assembler                 ; THIAGO-PC        ; Windows 7 ; 6.2        ; x86_64         ;
; TimeQuest Timing Analyzer ; THIAGO-PC        ; Windows 7 ; 6.2        ; x86_64         ;
; EDA Netlist Writer        ; THIAGO-PC        ; Windows 7 ; 6.2        ; x86_64         ;
; EDA Netlist Writer        ; THIAGO-PC        ; Windows 7 ; 6.2        ; x86_64         ;
; EDA Netlist Writer        ; THIAGO-PC        ; Windows 7 ; 6.2        ; x86_64         ;
+---------------------------+------------------+-----------+------------+----------------+


------------
; Flow Log ;
------------
quartus_map --read_settings_files=on --write_settings_files=off Calculadora -c Calculadora
quartus_fit --read_settings_files=off --write_settings_files=off Calculadora -c Calculadora
quartus_asm --read_settings_files=off --write_settings_files=off Calculadora -c Calculadora
quartus_sta Calculadora -c Calculadora
quartus_eda --read_settings_files=off --write_settings_files=off Calculadora -c Calculadora
quartus_eda --gen_testbench --check_outputs=on --tool=modelsim_oem --format=verilog Calculadora -c Calculadora --vector_source="E:/Documentos/UNB/Disciplinas/Disciplinas/CD/Projeto Final/Waveform_Full_Adder_4_bits.vwf" --testbench_file=./simulation/qsim/Calculadora.vt
quartus_eda --functional=off --timescale=1ps --simulation=on --tool=modelsim_oem --format=verilog Calculadora -c Calculadora



