Analysis & Synthesis report for ULA
Thu Jun 28 21:14:04 2018
Quartus II 64-Bit Version 13.0.1 Build 232 06/12/2013 Service Pack 1 SJ Web Edition


---------------------
; Table of Contents ;
---------------------
  1. Legal Notice
  2. Analysis & Synthesis Summary
  3. Analysis & Synthesis Settings
  4. Parallel Compilation
  5. Analysis & Synthesis Source Files Read
  6. Analysis & Synthesis Resource Usage Summary
  7. Analysis & Synthesis Resource Utilization by Entity
  8. General Register Statistics
  9. Elapsed Time Per Partition
 10. Analysis & Synthesis Messages



----------------
; Legal Notice ;
----------------
Copyright (C) 1991-2013 Altera Corporation
Your use of Altera Corporation's design tools, logic functions 
and other software and tools, and its AMPP partner logic 
functions, and any output files from any of the foregoing 
(including device programming or simulation files), and any 
associated documentation or information are expressly subject 
to the terms and conditions of the Altera Program License 
Subscription Agreement, Altera MegaCore Function License 
Agreement, or other applicable license agreement, including, 
without limitation, that your use is for the sole purpose of 
programming logic devices manufactured by Altera and sold by 
Altera or its authorized distributors.  Please refer to the 
applicable agreement for further details.



+--------------------------------------------------------------------------------------+
; Analysis & Synthesis Summary                                                         ;
+------------------------------------+-------------------------------------------------+
; Analysis & Synthesis Status        ; Successful - Thu Jun 28 21:14:04 2018           ;
; Quartus II 64-Bit Version          ; 13.0.1 Build 232 06/12/2013 SP 1 SJ Web Edition ;
; Revision Name                      ; ULA                                             ;
; Top-level Entity Name              ; Calculadora                                     ;
; Family                             ; Cyclone II                                      ;
; Total logic elements               ; 47                                              ;
;     Total combinational functions  ; 47                                              ;
;     Dedicated logic registers      ; 0                                               ;
; Total registers                    ; 0                                               ;
; Total pins                         ; 18                                              ;
; Total virtual pins                 ; 0                                               ;
; Total memory bits                  ; 0                                               ;
; Embedded Multiplier 9-bit elements ; 0                                               ;
; Total PLLs                         ; 0                                               ;
+------------------------------------+-------------------------------------------------+


+----------------------------------------------------------------------------------------------------------------------+
; Analysis & Synthesis Settings                                                                                        ;
+----------------------------------------------------------------------------+--------------------+--------------------+
; Option                                                                     ; Setting            ; Default Value      ;
+----------------------------------------------------------------------------+--------------------+--------------------+
; Device                                                                     ; EP2C35F672C6       ;                    ;
; Top-level entity name                                                      ; Calculadora        ; ULA                ;
; Family name                                                                ; Cyclone II         ; Cyclone IV GX      ;
; Use smart compilation                                                      ; Off                ; Off                ;
; Enable parallel Assembler and TimeQuest Timing Analyzer during compilation ; On                 ; On                 ;
; Enable compact report table                                                ; Off                ; Off                ;
; Restructure Multiplexers                                                   ; Auto               ; Auto               ;
; Create Debugging Nodes for IP Cores                                        ; Off                ; Off                ;
; Preserve fewer node names                                                  ; On                 ; On                 ;
; Disable OpenCore Plus hardware evaluation                                  ; Off                ; Off                ;
; Verilog Version                                                            ; Verilog_2001       ; Verilog_2001       ;
; VHDL Version                                                               ; VHDL_1993          ; VHDL_1993          ;
; State Machine Processing                                                   ; Auto               ; Auto               ;
; Safe State Machine                                                         ; Off                ; Off                ;
; Extract Verilog State Machines                                             ; On                 ; On                 ;
; Extract VHDL State Machines                                                ; On                 ; On                 ;
; Ignore Verilog initial constructs                                          ; Off                ; Off                ;
; Iteration limit for constant Verilog loops                                 ; 5000               ; 5000               ;
; Iteration limit for non-constant Verilog loops                             ; 250                ; 250                ;
; Add Pass-Through Logic to Inferred RAMs                                    ; On                 ; On                 ;
; Infer RAMs from Raw Logic                                                  ; On                 ; On                 ;
; Parallel Synthesis                                                         ; On                 ; On                 ;
; DSP Block Balancing                                                        ; Auto               ; Auto               ;
; NOT Gate Push-Back                                                         ; On                 ; On                 ;
; Power-Up Don't Care                                                        ; On                 ; On                 ;
; Remove Redundant Logic Cells                                               ; Off                ; Off                ;
; Remove Duplicate Registers                                                 ; On                 ; On                 ;
; Ignore CARRY Buffers                                                       ; Off                ; Off                ;
; Ignore CASCADE Buffers                                                     ; Off                ; Off                ;
; Ignore GLOBAL Buffers                                                      ; Off                ; Off                ;
; Ignore ROW GLOBAL Buffers                                                  ; Off                ; Off                ;
; Ignore LCELL Buffers                                                       ; Off                ; Off                ;
; Ignore SOFT Buffers                                                        ; On                 ; On                 ;
; Limit AHDL Integers to 32 Bits                                             ; Off                ; Off                ;
; Optimization Technique                                                     ; Balanced           ; Balanced           ;
; Carry Chain Length                                                         ; 70                 ; 70                 ;
; Auto Carry Chains                                                          ; On                 ; On                 ;
; Auto Open-Drain Pins                                                       ; On                 ; On                 ;
; Perform WYSIWYG Primitive Resynthesis                                      ; Off                ; Off                ;
; Auto ROM Replacement                                                       ; On                 ; On                 ;
; Auto RAM Replacement                                                       ; On                 ; On                 ;
; Auto Shift Register Replacement                                            ; Auto               ; Auto               ;
; Allow Shift Register Merging across Hierarchies                            ; Auto               ; Auto               ;
; Auto Clock Enable Replacement                                              ; On                 ; On                 ;
; Strict RAM Replacement                                                     ; Off                ; Off                ;
; Allow Synchronous Control Signals                                          ; On                 ; On                 ;
; Force Use of Synchronous Clear Signals                                     ; Off                ; Off                ;
; Auto RAM to Logic Cell Conversion                                          ; Off                ; Off                ;
; Auto Resource Sharing                                                      ; Off                ; Off                ;
; Allow Any RAM Size For Recognition                                         ; Off                ; Off                ;
; Allow Any ROM Size For Recognition                                         ; Off                ; Off                ;
; Allow Any Shift Register Size For Recognition                              ; Off                ; Off                ;
; Use LogicLock Constraints during Resource Balancing                        ; On                 ; On                 ;
; Ignore translate_off and synthesis_off directives                          ; Off                ; Off                ;
; Timing-Driven Synthesis                                                    ; Off                ; Off                ;
; Report Parameter Settings                                                  ; On                 ; On                 ;
; Report Source Assignments                                                  ; On                 ; On                 ;
; Report Connectivity Checks                                                 ; On                 ; On                 ;
; Ignore Maximum Fan-Out Assignments                                         ; Off                ; Off                ;
; Synchronization Register Chain Length                                      ; 2                  ; 2                  ;
; PowerPlay Power Optimization                                               ; Normal compilation ; Normal compilation ;
; HDL message level                                                          ; Level2             ; Level2             ;
; Suppress Register Optimization Related Messages                            ; Off                ; Off                ;
; Number of Removed Registers Reported in Synthesis Report                   ; 5000               ; 5000               ;
; Number of Swept Nodes Reported in Synthesis Report                         ; 5000               ; 5000               ;
; Number of Inverted Registers Reported in Synthesis Report                  ; 100                ; 100                ;
; Clock MUX Protection                                                       ; On                 ; On                 ;
; Auto Gated Clock Conversion                                                ; Off                ; Off                ;
; Block Design Naming                                                        ; Auto               ; Auto               ;
; SDC constraint protection                                                  ; Off                ; Off                ;
; Synthesis Effort                                                           ; Auto               ; Auto               ;
; Shift Register Replacement - Allow Asynchronous Clear Signal               ; On                 ; On                 ;
; Pre-Mapping Resynthesis Optimization                                       ; Off                ; Off                ;
; Analysis & Synthesis Message Level                                         ; Medium             ; Medium             ;
; Disable Register Merging Across Hierarchies                                ; Auto               ; Auto               ;
; Resource Aware Inference For Block RAM                                     ; On                 ; On                 ;
; Synthesis Seed                                                             ; 1                  ; 1                  ;
+----------------------------------------------------------------------------+--------------------+--------------------+


Parallel compilation was disabled, but you have multiple processors available. Enable parallel compilation to reduce compilation time.
+-------------------------------------+
; Parallel Compilation                ;
+----------------------------+--------+
; Processors                 ; Number ;
+----------------------------+--------+
; Number detected on machine ; 4      ;
; Maximum allowed            ; 1      ;
+----------------------------+--------+


+----------------------------------------------------------------------------------------------------------------------------------------------------------------+
; Analysis & Synthesis Source Files Read                                                                                                                         ;
+----------------------------------+-----------------+------------------------------------+------------------------------------------------------------+---------+
; File Name with User-Entered Path ; Used in Netlist ; File Type                          ; File Name with Absolute Path                               ; Library ;
+----------------------------------+-----------------+------------------------------------+------------------------------------------------------------+---------+
; Adder.bdf                        ; yes             ; User Block Diagram/Schematic File  ; E:/Documentos/GIT/CD/Calculadora/Adder.bdf                 ;         ;
; 4Bit_Adder-Subtractor.bdf        ; yes             ; User Block Diagram/Schematic File  ; E:/Documentos/GIT/CD/Calculadora/4Bit_Adder-Subtractor.bdf ;         ;
; mux2.bdf                         ; yes             ; User Block Diagram/Schematic File  ; E:/Documentos/GIT/CD/Calculadora/mux2.bdf                  ;         ;
; 4Bit_Multiplier.bdf              ; yes             ; User Block Diagram/Schematic File  ; E:/Documentos/GIT/CD/Calculadora/4Bit_Multiplier.bdf       ;         ;
; ULA.bdf                          ; yes             ; User Block Diagram/Schematic File  ; E:/Documentos/GIT/CD/Calculadora/ULA.bdf                   ;         ;
; muxS.bdf                         ; yes             ; User Block Diagram/Schematic File  ; E:/Documentos/GIT/CD/Calculadora/muxS.bdf                  ;         ;
; Calculadora.bdf                  ; yes             ; User Block Diagram/Schematic File  ; E:/Documentos/GIT/CD/Calculadora/Calculadora.bdf           ;         ;
+----------------------------------+-----------------+------------------------------------+------------------------------------------------------------+---------+


+-----------------------------------------------------+
; Analysis & Synthesis Resource Usage Summary         ;
+---------------------------------------------+-------+
; Resource                                    ; Usage ;
+---------------------------------------------+-------+
; Estimated Total logic elements              ; 47    ;
;                                             ;       ;
; Total combinational functions               ; 47    ;
; Logic element usage by number of LUT inputs ;       ;
;     -- 4 input functions                    ; 33    ;
;     -- 3 input functions                    ; 4     ;
;     -- <=2 input functions                  ; 10    ;
;                                             ;       ;
; Logic elements by mode                      ;       ;
;     -- normal mode                          ; 47    ;
;     -- arithmetic mode                      ; 0     ;
;                                             ;       ;
; Total registers                             ; 0     ;
;     -- Dedicated logic registers            ; 0     ;
;     -- I/O registers                        ; 0     ;
;                                             ;       ;
; I/O pins                                    ; 18    ;
; Embedded Multiplier 9-bit elements          ; 0     ;
; Maximum fan-out node                        ; SW5   ;
; Maximum fan-out                             ; 11    ;
; Total fan-out                               ; 172   ;
; Average fan-out                             ; 2.65  ;
+---------------------------------------------+-------+


+--------------------------------------------------------------------------------------------------------------------------------------------------------------------------------------------------------------------------------+
; Analysis & Synthesis Resource Utilization by Entity                                                                                                                                                                            ;
+-------------------------------------+-------------------+--------------+-------------+--------------+---------+-----------+------+--------------+---------------------------------------------------------------+--------------+
; Compilation Hierarchy Node          ; LC Combinationals ; LC Registers ; Memory Bits ; DSP Elements ; DSP 9x9 ; DSP 18x18 ; Pins ; Virtual Pins ; Full Hierarchy Name                                           ; Library Name ;
+-------------------------------------+-------------------+--------------+-------------+--------------+---------+-----------+------+--------------+---------------------------------------------------------------+--------------+
; |Calculadora                        ; 47 (0)            ; 0 (0)        ; 0           ; 0            ; 0       ; 0         ; 18   ; 0            ; |Calculadora                                                  ; work         ;
;    |ULA:inst|                       ; 47 (0)            ; 0 (0)        ; 0           ; 0            ; 0       ; 0         ; 0    ; 0            ; |Calculadora|ULA:inst                                         ; work         ;
;       |4Bit_Adder-Subtractor:inst3| ; 7 (0)             ; 0 (0)        ; 0           ; 0            ; 0       ; 0         ; 0    ; 0            ; |Calculadora|ULA:inst|4Bit_Adder-Subtractor:inst3             ; work         ;
;          |Adder:inst1|              ; 2 (2)             ; 0 (0)        ; 0           ; 0            ; 0       ; 0         ; 0    ; 0            ; |Calculadora|ULA:inst|4Bit_Adder-Subtractor:inst3|Adder:inst1 ; work         ;
;          |Adder:inst2|              ; 2 (2)             ; 0 (0)        ; 0           ; 0            ; 0       ; 0         ; 0    ; 0            ; |Calculadora|ULA:inst|4Bit_Adder-Subtractor:inst3|Adder:inst2 ; work         ;
;          |Adder:inst3|              ; 1 (1)             ; 0 (0)        ; 0           ; 0            ; 0       ; 0         ; 0    ; 0            ; |Calculadora|ULA:inst|4Bit_Adder-Subtractor:inst3|Adder:inst3 ; work         ;
;          |Adder:inst|               ; 2 (2)             ; 0 (0)        ; 0           ; 0            ; 0       ; 0         ; 0    ; 0            ; |Calculadora|ULA:inst|4Bit_Adder-Subtractor:inst3|Adder:inst  ; work         ;
;       |4Bit_Multiplier:inst4|       ; 32 (10)           ; 0 (0)        ; 0           ; 0            ; 0       ; 0         ; 0    ; 0            ; |Calculadora|ULA:inst|4Bit_Multiplier:inst4                   ; work         ;
;          |Adder:inst14|             ; 2 (2)             ; 0 (0)        ; 0           ; 0            ; 0       ; 0         ; 0    ; 0            ; |Calculadora|ULA:inst|4Bit_Multiplier:inst4|Adder:inst14      ; work         ;
;          |Adder:inst15|             ; 2 (2)             ; 0 (0)        ; 0           ; 0            ; 0       ; 0         ; 0    ; 0            ; |Calculadora|ULA:inst|4Bit_Multiplier:inst4|Adder:inst15      ; work         ;
;          |Adder:inst1|              ; 2 (2)             ; 0 (0)        ; 0           ; 0            ; 0       ; 0         ; 0    ; 0            ; |Calculadora|ULA:inst|4Bit_Multiplier:inst4|Adder:inst1       ; work         ;
;          |Adder:inst24|             ; 2 (2)             ; 0 (0)        ; 0           ; 0            ; 0       ; 0         ; 0    ; 0            ; |Calculadora|ULA:inst|4Bit_Multiplier:inst4|Adder:inst24      ; work         ;
;          |Adder:inst25|             ; 2 (2)             ; 0 (0)        ; 0           ; 0            ; 0       ; 0         ; 0    ; 0            ; |Calculadora|ULA:inst|4Bit_Multiplier:inst4|Adder:inst25      ; work         ;
;          |Adder:inst26|             ; 2 (2)             ; 0 (0)        ; 0           ; 0            ; 0       ; 0         ; 0    ; 0            ; |Calculadora|ULA:inst|4Bit_Multiplier:inst4|Adder:inst26      ; work         ;
;          |Adder:inst36|             ; 2 (2)             ; 0 (0)        ; 0           ; 0            ; 0       ; 0         ; 0    ; 0            ; |Calculadora|ULA:inst|4Bit_Multiplier:inst4|Adder:inst36      ; work         ;
;          |Adder:inst37|             ; 2 (2)             ; 0 (0)        ; 0           ; 0            ; 0       ; 0         ; 0    ; 0            ; |Calculadora|ULA:inst|4Bit_Multiplier:inst4|Adder:inst37      ; work         ;
;          |Adder:inst38|             ; 2 (2)             ; 0 (0)        ; 0           ; 0            ; 0       ; 0         ; 0    ; 0            ; |Calculadora|ULA:inst|4Bit_Multiplier:inst4|Adder:inst38      ; work         ;
;          |Adder:inst39|             ; 2 (2)             ; 0 (0)        ; 0           ; 0            ; 0       ; 0         ; 0    ; 0            ; |Calculadora|ULA:inst|4Bit_Multiplier:inst4|Adder:inst39      ; work         ;
;          |Adder:inst|               ; 2 (2)             ; 0 (0)        ; 0           ; 0            ; 0       ; 0         ; 0    ; 0            ; |Calculadora|ULA:inst|4Bit_Multiplier:inst4|Adder:inst        ; work         ;
;       |muxS:inst5|                  ; 8 (0)             ; 0 (0)        ; 0           ; 0            ; 0       ; 0         ; 0    ; 0            ; |Calculadora|ULA:inst|muxS:inst5                              ; work         ;
;          |mux2:inst1|               ; 1 (1)             ; 0 (0)        ; 0           ; 0            ; 0       ; 0         ; 0    ; 0            ; |Calculadora|ULA:inst|muxS:inst5|mux2:inst1                   ; work         ;
;          |mux2:inst2|               ; 1 (1)             ; 0 (0)        ; 0           ; 0            ; 0       ; 0         ; 0    ; 0            ; |Calculadora|ULA:inst|muxS:inst5|mux2:inst2                   ; work         ;
;          |mux2:inst3|               ; 1 (1)             ; 0 (0)        ; 0           ; 0            ; 0       ; 0         ; 0    ; 0            ; |Calculadora|ULA:inst|muxS:inst5|mux2:inst3                   ; work         ;
;          |mux2:inst4|               ; 1 (1)             ; 0 (0)        ; 0           ; 0            ; 0       ; 0         ; 0    ; 0            ; |Calculadora|ULA:inst|muxS:inst5|mux2:inst4                   ; work         ;
;          |mux2:inst5|               ; 1 (1)             ; 0 (0)        ; 0           ; 0            ; 0       ; 0         ; 0    ; 0            ; |Calculadora|ULA:inst|muxS:inst5|mux2:inst5                   ; work         ;
;          |mux2:inst6|               ; 1 (1)             ; 0 (0)        ; 0           ; 0            ; 0       ; 0         ; 0    ; 0            ; |Calculadora|ULA:inst|muxS:inst5|mux2:inst6                   ; work         ;
;          |mux2:inst7|               ; 1 (1)             ; 0 (0)        ; 0           ; 0            ; 0       ; 0         ; 0    ; 0            ; |Calculadora|ULA:inst|muxS:inst5|mux2:inst7                   ; work         ;
;          |mux2:inst|                ; 1 (1)             ; 0 (0)        ; 0           ; 0            ; 0       ; 0         ; 0    ; 0            ; |Calculadora|ULA:inst|muxS:inst5|mux2:inst                    ; work         ;
+-------------------------------------+-------------------+--------------+-------------+--------------+---------+-----------+------+--------------+---------------------------------------------------------------+--------------+
Note: For table entries with two numbers listed, the numbers in parentheses indicate the number of resources of the given type used by the specific entity alone. The numbers listed outside of parentheses indicate the total resources of the given type used by the specific entity and all of its sub-entities in the hierarchy.


+------------------------------------------------------+
; General Register Statistics                          ;
+----------------------------------------------+-------+
; Statistic                                    ; Value ;
+----------------------------------------------+-------+
; Total registers                              ; 0     ;
; Number of registers using Synchronous Clear  ; 0     ;
; Number of registers using Synchronous Load   ; 0     ;
; Number of registers using Asynchronous Clear ; 0     ;
; Number of registers using Asynchronous Load  ; 0     ;
; Number of registers using Clock Enable       ; 0     ;
; Number of registers using Preset             ; 0     ;
+----------------------------------------------+-------+


+-------------------------------+
; Elapsed Time Per Partition    ;
+----------------+--------------+
; Partition Name ; Elapsed Time ;
+----------------+--------------+
; Top            ; 00:00:00     ;
+----------------+--------------+


+-------------------------------+
; Analysis & Synthesis Messages ;
+-------------------------------+
Info: *******************************************************************
Info: Running Quartus II 64-Bit Analysis & Synthesis
    Info: Version 13.0.1 Build 232 06/12/2013 Service Pack 1 SJ Web Edition
    Info: Processing started: Thu Jun 28 21:14:03 2018
Info: Command: quartus_map --read_settings_files=on --write_settings_files=off ULA -c ULA
Warning (20028): Parallel compilation is not licensed and has been disabled
Info (12021): Found 1 design units, including 1 entities, in source file coder.bdf
    Info (12023): Found entity 1: Coder
Info (12021): Found 1 design units, including 1 entities, in source file adder.bdf
    Info (12023): Found entity 1: Adder
Info (12021): Found 1 design units, including 1 entities, in source file 4bit_adder-subtractor.bdf
    Info (12023): Found entity 1: 4Bit_Adder-Subtractor
Info (12021): Found 1 design units, including 1 entities, in source file mux2.bdf
    Info (12023): Found entity 1: mux2
Info (12021): Found 1 design units, including 1 entities, in source file 4bit_multiplier.bdf
    Info (12023): Found entity 1: 4Bit_Multiplier
Info (12021): Found 1 design units, including 1 entities, in source file ula.bdf
    Info (12023): Found entity 1: ULA
Info (12021): Found 1 design units, including 1 entities, in source file muxs.bdf
    Info (12023): Found entity 1: muxS
Info (12021): Found 1 design units, including 1 entities, in source file calculadora.bdf
    Info (12023): Found entity 1: Calculadora
Info (12127): Elaborating entity "Calculadora" for the top level hierarchy
Warning (275089): Not all bits in bus "SW[11..0]" are used
Warning (275080): Converted elements in bus name "SW" using legacy naming rules. Make any assignments on the new names, not on the original names.
    Warning (275081): Converted element name(s) from "SW[8]" to "SW8"
    Warning (275081): Converted element name(s) from "SW[9]" to "SW9"
    Warning (275081): Converted element name(s) from "SW[10]" to "SW10"
    Warning (275081): Converted element name(s) from "SW[11]" to "SW11"
    Warning (275081): Converted element name(s) from "SW[0]" to "SW0"
    Warning (275081): Converted element name(s) from "SW[1]" to "SW1"
    Warning (275081): Converted element name(s) from "SW[2]" to "SW2"
    Warning (275081): Converted element name(s) from "SW[3]" to "SW3"
    Warning (275081): Converted element name(s) from "SW[5]" to "SW5"
    Warning (275081): Converted element name(s) from "SW[6]" to "SW6"
Info (12128): Elaborating entity "ULA" for hierarchy "ULA:inst"
Info (12128): Elaborating entity "muxS" for hierarchy "ULA:inst|muxS:inst5"
Info (12128): Elaborating entity "mux2" for hierarchy "ULA:inst|muxS:inst5|mux2:inst"
Info (12128): Elaborating entity "4Bit_Adder-Subtractor" for hierarchy "ULA:inst|4Bit_Adder-Subtractor:inst3"
Info (12128): Elaborating entity "Adder" for hierarchy "ULA:inst|4Bit_Adder-Subtractor:inst3|Adder:inst3"
Info (12128): Elaborating entity "4Bit_Multiplier" for hierarchy "ULA:inst|4Bit_Multiplier:inst4"
Info (16010): Generating hard_block partition "hard_block:auto_generated_inst"
    Info (16011): Adding 0 node(s), including 0 DDIO, 0 PLL, 0 transceiver and 0 LCELL
Info (21057): Implemented 65 device resources after synthesis - the final resource count might be different
    Info (21058): Implemented 10 input pins
    Info (21059): Implemented 8 output pins
    Info (21061): Implemented 47 logic cells
Info: Quartus II 64-Bit Analysis & Synthesis was successful. 0 errors, 13 warnings
    Info: Peak virtual memory: 4624 megabytes
    Info: Processing ended: Thu Jun 28 21:14:04 2018
    Info: Elapsed time: 00:00:01
    Info: Total CPU time (on all processors): 00:00:02


